2023-03-04 11:14:19,990 DEBUG    root            Loaded Command Group: ['gcloud', 'config']
2023-03-04 11:14:19,994 DEBUG    root            Loaded Command Group: ['gcloud', 'config', 'config_helper']
2023-03-04 11:14:19,998 DEBUG    root            Running [gcloud.config.config-helper] with arguments: [--format: "json"]
2023-03-04 11:14:20,021 DEBUG    google.auth.transport.requests Making request: GET http://metadata.google.internal/computeMetadata/v1/instance/service-accounts/david@givesurance.org/?recursive=true
2023-03-04 11:14:20,025 DEBUG    urllib3.connectionpool Starting new HTTP connection (1): metadata.google.internal:80
2023-03-04 11:14:20,031 DEBUG    urllib3.connectionpool http://metadata.google.internal:80 "GET /computeMetadata/v1/instance/service-accounts/david@givesurance.org/?recursive=true HTTP/1.1" 200 None
2023-03-04 11:14:20,032 DEBUG    google.auth.transport.requests Making request: GET http://metadata.google.internal/computeMetadata/v1/instance/service-accounts/david@givesurance.org/token
2023-03-04 11:14:20,038 DEBUG    urllib3.connectionpool Resetting dropped connection: metadata.google.internal
2023-03-04 11:14:20,042 DEBUG    urllib3.connectionpool http://metadata.google.internal:80 "GET /computeMetadata/v1/instance/service-accounts/david@givesurance.org/token HTTP/1.1" 200 None
2023-03-04 11:14:20,162 DEBUG    root            Chosen display Format:default json
2023-03-04 11:14:20,163 INFO     root            Display format: "default json"
2023-03-04 11:14:20,164 INFO     ___FILE_ONLY___ {
  "configuration": {
    "active_configuration": "default",
    "properties": {
      "accessibility": {
        "screen_reader": "True"
      },
      "component_manager": {
        "disable_update_check": "True"
      },
      "compute": {
        "gce_metadata_read_timeout_sec": "30"
      },
      "core": {
        "account": "david@givesurance.org",
        "disable_usage_reporting": "True"
      },
      "metrics": {
        "environment": "cloudcode.vscode",
        "environment_version": "1.21.2"
      }
    }
  },
  "credential": {
    "access_token": "ya29.a0AVvZVspFHzqfcQlG9zHCRtebJJQMU0Inr6rPAK8KVEGxT20UtNPuGWUKuyGorwnO1Gt33pe17l-ouGxRPD-KAc3Rzx3m97wTtC2eDQbfTSAJdwkIMg4FyYGB8EK8gOY4zY9OIFrjk2VXGouXMh_7tfiDX3jeX1j71zdLwGiEJnCWV3R6nWHZ5xRh77-ujI72W7pmeS3wzNfhqS5XAVufuOxigFTuxR4X2B09YvYaCgYKAfISARMSFQGbdwaIKi_66uNANEnAypXwNIiatQ0238",
    "id_token": "eyJhbGciOiJSUzI1NiIsImtpZCI6IjI1NWNjYTZlYzI4MTA2MDJkODBiZWM4OWU0NTZjNDQ5NWQ3NDE4YmIiLCJ0eXAiOiJKV1QifQ.eyJpc3MiOiJhY2NvdW50cy5nb29nbGUuY29tIiwiYXpwIjoiNjE4MTA0NzA4MDU0LTlyOXMxYzRhbGczNmVybGl1Y2hvOXQ1Mm4zMm42ZGdxLmFwcHMuZ29vZ2xldXNlcmNvbnRlbnQuY29tIiwiYXVkIjoiNjE4MTA0NzA4MDU0LTlyOXMxYzRhbGczNmVybGl1Y2hvOXQ1Mm4zMm42ZGdxLmFwcHMuZ29vZ2xldXNlcmNvbnRlbnQuY29tIiwic3ViIjoiMTAxMTM5NDgyNzg0ODkwMDg0NDQzIiwiaGQiOiJnaXZlc3VyYW5jZS5vcmciLCJlbWFpbCI6ImRhdmlkQGdpdmVzdXJhbmNlLm9yZyIsImVtYWlsX3ZlcmlmaWVkIjp0cnVlLCJhdF9oYXNoIjoiZUNjbHVhUC1nTjlrWmFaTFVJeWlOdyIsImlhdCI6MTY3NzkyODEwMywiZXhwIjoxNjc3OTMxNzAzLCJqdGkiOiI3ZjkxNWZiZDRiNWI0MWNjMDEyMDg0YWUwZmVkMTlhYjY2NjFiZmZiIn0.PIqQLoRNEEzcO4ZQcmVY5djOzaXix-NW7w21wTZ_PLkqt9QDaDdgAcYWE4DjXwCzFMY1H_SiZbUBGht4QY0_x7DxiIS9ce4BuskIf6qwglJ9zMwMRMgI7XJ2mQVBYz7lB5SCsiRbumvTd4RmwK41-8jiYtrllDOlrhs7SJeo5tFzPbB13ZAJqflZvWKSm_I6Pd4mfoJh1AnMTE-smRCZw0WTGhuc7oiP9H6uLofYwiKsYQzM3Ff-S2QckyiB4kVyn3JfJPbmh3MjbzaRu2SrNKethSgfR7mlhlMprc0CMnS--Da84JAZJW6Nc8AnWHFZ8kRLzSkSZnd3gkNBvcMS8w",
    "token_expiry": "2023-03-04T12:08:21Z"
  },
  "sentinels": {
    "config_sentinel": "/home/david/.config/gcloud/config_sentinel"
  }
}
2023-03-04 11:14:20,166 INFO     ___FILE_ONLY___ 

2023-03-04 11:14:20,167 DEBUG    root            SDK update checks are disabled.
